╭──────────────────────────────────────────────────────────╮
│ Configuration for experiment     tableshift              │
├──────────────────────────────────────────────────────────┤
│ Search algorithm                 SearchGenerator         │
│ Scheduler                        AsyncHyperBandScheduler │
│ Number of trials                 1                       │
╰──────────────────────────────────────────────────────────╯

View detailed results here: /home/rjsingh/ray_results/tableshift
To visualize your results with TensorBoard, run: `tensorboard --logdir /tmp/ray/session_2025-04-25_13-56-58_708055_460271/artifacts/2025-04-25_13-57-17/tableshift/driver_artifacts`

Trial status: 1 PENDING
Current time: 2025-04-25 13:57:17. Total running time: 0s
Logical resource usage: 0/36 CPUs, 0/0 GPUs
╭───────────────────────────────────────────────────────────────────────────────────────────────────────────────────────────────────────────────────────────────────────────────────────────────────────────────────────────────────────────────────────╮
│ Trial name                 status       params/learning_rate     ...min_child_samples     .../min_child_weight     params/subsample     params/max_depth     .../colsample_bytree     ...colsample_bylevel     params/reg_alpha     params/reg_lambda │
├───────────────────────────────────────────────────────────────────────────────────────────────────────────────────────────────────────────────────────────────────────────────────────────────────────────────────────────────────────────────────────┤
│ LightGBMTrainer_b56ce6b8   PENDING               0.000164587                        8                  31.1567             0.795395                    6                  0.72302                 0.925513               11.443             0.0032299 │
╰───────────────────────────────────────────────────────────────────────────────────────────────────────────────────────────────────────────────────────────────────────────────────────────────────────────────────────────────────────────────────────╯

Trial LightGBMTrainer_b56ce6b8 started with configuration:
╭───────────────────────────────────────────────────────╮
│ Trial LightGBMTrainer_b56ce6b8 config                 │
├───────────────────────────────────────────────────────┤
│ params/colsample_bylevel                     0.925513 │
│ params/colsample_bytree                       0.72302 │
│ params/learning_rate                      0.000164587 │
│ params/max_depth                                    6 │
│ params/min_child_samples                            8 │
│ params/min_child_weight                       31.1567 │
│ params/reg_alpha                               11.443 │
│ params/reg_lambda                           0.0032299 │
│ params/subsample                             0.795395 │
╰───────────────────────────────────────────────────────╯

Trial status: 1 RUNNING
Current time: 2025-04-25 13:57:47. Total running time: 30s
Logical resource usage: 1.0/36 CPUs, 0/0 GPUs
╭───────────────────────────────────────────────────────────────────────────────────────────────────────────────────────────────────────────────────────────────────────────────────────────────────────────────────────────────────────────────────────╮
│ Trial name                 status       params/learning_rate     ...min_child_samples     .../min_child_weight     params/subsample     params/max_depth     .../colsample_bytree     ...colsample_bylevel     params/reg_alpha     params/reg_lambda │
├───────────────────────────────────────────────────────────────────────────────────────────────────────────────────────────────────────────────────────────────────────────────────────────────────────────────────────────────────────────────────────┤
│ LightGBMTrainer_b56ce6b8   RUNNING               0.000164587                        8                  31.1567             0.795395                    6                  0.72302                 0.925513               11.443             0.0032299 │
╰───────────────────────────────────────────────────────────────────────────────────────────────────────────────────────────────────────────────────────────────────────────────────────────────────────────────────────────────────────────────────────╯
Trial status: 1 RUNNING
Current time: 2025-04-25 13:58:18. Total running time: 1min 0s
Logical resource usage: 1.0/36 CPUs, 0/0 GPUs
╭───────────────────────────────────────────────────────────────────────────────────────────────────────────────────────────────────────────────────────────────────────────────────────────────────────────────────────────────────────────────────────╮
│ Trial name                 status       params/learning_rate     ...min_child_samples     .../min_child_weight     params/subsample     params/max_depth     .../colsample_bytree     ...colsample_bylevel     params/reg_alpha     params/reg_lambda │
├───────────────────────────────────────────────────────────────────────────────────────────────────────────────────────────────────────────────────────────────────────────────────────────────────────────────────────────────────────────────────────┤
│ LightGBMTrainer_b56ce6b8   RUNNING               0.000164587                        8                  31.1567             0.795395                    6                  0.72302                 0.925513               11.443             0.0032299 │
╰───────────────────────────────────────────────────────────────────────────────────────────────────────────────────────────────────────────────────────────────────────────────────────────────────────────────────────────────────────────────────────╯
Trial status: 1 RUNNING
Current time: 2025-04-25 13:58:48. Total running time: 1min 30s
Logical resource usage: 1.0/36 CPUs, 0/0 GPUs
╭───────────────────────────────────────────────────────────────────────────────────────────────────────────────────────────────────────────────────────────────────────────────────────────────────────────────────────────────────────────────────────╮
│ Trial name                 status       params/learning_rate     ...min_child_samples     .../min_child_weight     params/subsample     params/max_depth     .../colsample_bytree     ...colsample_bylevel     params/reg_alpha     params/reg_lambda │
├───────────────────────────────────────────────────────────────────────────────────────────────────────────────────────────────────────────────────────────────────────────────────────────────────────────────────────────────────────────────────────┤
│ LightGBMTrainer_b56ce6b8   RUNNING               0.000164587                        8                  31.1567             0.795395                    6                  0.72302                 0.925513               11.443             0.0032299 │
╰───────────────────────────────────────────────────────────────────────────────────────────────────────────────────────────────────────────────────────────────────────────────────────────────────────────────────────────────────────────────────────╯
Trial status: 1 RUNNING
Current time: 2025-04-25 13:59:18. Total running time: 2min 0s
Logical resource usage: 1.0/36 CPUs, 0/0 GPUs
╭───────────────────────────────────────────────────────────────────────────────────────────────────────────────────────────────────────────────────────────────────────────────────────────────────────────────────────────────────────────────────────╮
│ Trial name                 status       params/learning_rate     ...min_child_samples     .../min_child_weight     params/subsample     params/max_depth     .../colsample_bytree     ...colsample_bylevel     params/reg_alpha     params/reg_lambda │
├───────────────────────────────────────────────────────────────────────────────────────────────────────────────────────────────────────────────────────────────────────────────────────────────────────────────────────────────────────────────────────┤
│ LightGBMTrainer_b56ce6b8   RUNNING               0.000164587                        8                  31.1567             0.795395                    6                  0.72302                 0.925513               11.443             0.0032299 │
╰───────────────────────────────────────────────────────────────────────────────────────────────────────────────────────────────────────────────────────────────────────────────────────────────────────────────────────────────────────────────────────╯
Trial status: 1 RUNNING
Current time: 2025-04-25 13:59:48. Total running time: 2min 30s
Logical resource usage: 1.0/36 CPUs, 0/0 GPUs
╭───────────────────────────────────────────────────────────────────────────────────────────────────────────────────────────────────────────────────────────────────────────────────────────────────────────────────────────────────────────────────────╮
│ Trial name                 status       params/learning_rate     ...min_child_samples     .../min_child_weight     params/subsample     params/max_depth     .../colsample_bytree     ...colsample_bylevel     params/reg_alpha     params/reg_lambda │
├───────────────────────────────────────────────────────────────────────────────────────────────────────────────────────────────────────────────────────────────────────────────────────────────────────────────────────────────────────────────────────┤
│ LightGBMTrainer_b56ce6b8   RUNNING               0.000164587                        8                  31.1567             0.795395                    6                  0.72302                 0.925513               11.443             0.0032299 │
╰───────────────────────────────────────────────────────────────────────────────────────────────────────────────────────────────────────────────────────────────────────────────────────────────────────────────────────────────────────────────────────╯
Trial status: 1 RUNNING
Current time: 2025-04-25 14:00:18. Total running time: 3min 0s
Logical resource usage: 1.0/36 CPUs, 0/0 GPUs
╭───────────────────────────────────────────────────────────────────────────────────────────────────────────────────────────────────────────────────────────────────────────────────────────────────────────────────────────────────────────────────────╮
│ Trial name                 status       params/learning_rate     ...min_child_samples     .../min_child_weight     params/subsample     params/max_depth     .../colsample_bytree     ...colsample_bylevel     params/reg_alpha     params/reg_lambda │
├───────────────────────────────────────────────────────────────────────────────────────────────────────────────────────────────────────────────────────────────────────────────────────────────────────────────────────────────────────────────────────┤
│ LightGBMTrainer_b56ce6b8   RUNNING               0.000164587                        8                  31.1567             0.795395                    6                  0.72302                 0.925513               11.443             0.0032299 │
╰───────────────────────────────────────────────────────────────────────────────────────────────────────────────────────────────────────────────────────────────────────────────────────────────────────────────────────────────────────────────────────╯
[36m(RayTrainWorker pid=464107)[0m [LightGBM] [Warning] Unknown parameter: colsample_bylevel
[36m(RayTrainWorker pid=464107)[0m [LightGBM] [Warning] Provided parameters constrain tree depth (max_depth=6) without explicitly setting 'num_leaves'. This can lead to underfitting. To resolve this warning, pass 'num_leaves' (<=64) in params. Alternatively, pass (max_depth=-1) and just use 'num_leaves' to constrain model complexity.
[36m(RayTrainWorker pid=464107)[0m [LightGBM] [Warning] Unknown parameter: colsample_bylevel
[36m(RayTrainWorker pid=464107)[0m [LightGBM] [Warning] Provided parameters constrain tree depth (max_depth=6) without explicitly setting 'num_leaves'. This can lead to underfitting. To resolve this warning, pass 'num_leaves' (<=64) in params. Alternatively, pass (max_depth=-1) and just use 'num_leaves' to constrain model complexity.
[36m(RayTrainWorker pid=464107)[0m [LightGBM] [Info] Number of positive: 86827, number of negative: 129584
[36m(RayTrainWorker pid=464107)[0m [LightGBM] [Info] Auto-choosing row-wise multi-threading, the overhead of testing was 0.044898 seconds.
[36m(RayTrainWorker pid=464107)[0m You can set `force_row_wise=true` to remove the overhead.
[36m(RayTrainWorker pid=464107)[0m And if memory is not enough, you can set `force_col_wise=true`.
[36m(RayTrainWorker pid=464107)[0m [LightGBM] [Info] Total Bins 371
[36m(RayTrainWorker pid=464107)[0m [LightGBM] [Info] Number of data points in the train set: 216411, number of used features: 101
[36m(RayTrainWorker pid=464107)[0m [LightGBM] [Warning] Unknown parameter: colsample_bylevel
[36m(RayTrainWorker pid=464107)[0m [LightGBM] [Warning] Provided parameters constrain tree depth (max_depth=6) without explicitly setting 'num_leaves'. This can lead to underfitting. To resolve this warning, pass 'num_leaves' (<=64) in params. Alternatively, pass (max_depth=-1) and just use 'num_leaves' to constrain model complexity.
[36m(RayTrainWorker pid=464107)[0m [LightGBM] [Warning] Unknown parameter: colsample_bylevel
[36m(RayTrainWorker pid=464107)[0m [LightGBM] [Warning] Provided parameters constrain tree depth (max_depth=6) without explicitly setting 'num_leaves'. This can lead to underfitting. To resolve this warning, pass 'num_leaves' (<=64) in params. Alternatively, pass (max_depth=-1) and just use 'num_leaves' to constrain model complexity.
[36m(RayTrainWorker pid=464107)[0m [LightGBM] [Warning] Unknown parameter: colsample_bylevel
[36m(RayTrainWorker pid=464107)[0m [LightGBM] [Warning] Provided parameters constrain tree depth (max_depth=6) without explicitly setting 'num_leaves'. This can lead to underfitting. To resolve this warning, pass 'num_leaves' (<=64) in params. Alternatively, pass (max_depth=-1) and just use 'num_leaves' to constrain model complexity.
[36m(RayTrainWorker pid=464107)[0m [LightGBM] [Warning] Unknown parameter: colsample_bylevel
[36m(RayTrainWorker pid=464107)[0m [LightGBM] [Warning] Provided parameters constrain tree depth (max_depth=6) without explicitly setting 'num_leaves'. This can lead to underfitting. To resolve this warning, pass 'num_leaves' (<=64) in params. Alternatively, pass (max_depth=-1) and just use 'num_leaves' to constrain model complexity.
[36m(RayTrainWorker pid=464107)[0m [LightGBM] [Warning] Unknown parameter: colsample_bylevel
[36m(RayTrainWorker pid=464107)[0m [LightGBM] [Warning] Provided parameters constrain tree depth (max_depth=6) without explicitly setting 'num_leaves'. This can lead to underfitting. To resolve this warning, pass 'num_leaves' (<=64) in params. Alternatively, pass (max_depth=-1) and just use 'num_leaves' to constrain model complexity.
[36m(RayTrainWorker pid=464107)[0m [LightGBM] [Warning] Unknown parameter: colsample_bylevel
[36m(RayTrainWorker pid=464107)[0m [LightGBM] [Warning] Provided parameters constrain tree depth (max_depth=6) without explicitly setting 'num_leaves'. This can lead to underfitting. To resolve this warning, pass 'num_leaves' (<=64) in params. Alternatively, pass (max_depth=-1) and just use 'num_leaves' to constrain model complexity.
[36m(RayTrainWorker pid=464107)[0m [LightGBM] [Warning] Unknown parameter: colsample_bylevel
[36m(RayTrainWorker pid=464107)[0m [LightGBM] [Warning] Provided parameters constrain tree depth (max_depth=6) without explicitly setting 'num_leaves'. This can lead to underfitting. To resolve this warning, pass 'num_leaves' (<=64) in params. Alternatively, pass (max_depth=-1) and just use 'num_leaves' to constrain model complexity.
[36m(RayTrainWorker pid=464107)[0m [LightGBM] [Warning] Unknown parameter: colsample_bylevel
[36m(RayTrainWorker pid=464107)[0m [LightGBM] [Warning] Provided parameters constrain tree depth (max_depth=6) without explicitly setting 'num_leaves'. This can lead to underfitting. To resolve this warning, pass 'num_leaves' (<=64) in params. Alternatively, pass (max_depth=-1) and just use 'num_leaves' to constrain model complexity.
[36m(RayTrainWorker pid=464107)[0m [LightGBM] [Warning] Unknown parameter: colsample_bylevel
[36m(RayTrainWorker pid=464107)[0m [LightGBM] [Warning] Provided parameters constrain tree depth (max_depth=6) without explicitly setting 'num_leaves'. This can lead to underfitting. To resolve this warning, pass 'num_leaves' (<=64) in params. Alternatively, pass (max_depth=-1) and just use 'num_leaves' to constrain model complexity.
[36m(RayTrainWorker pid=464107)[0m [LightGBM] [Warning] Unknown parameter: colsample_bylevel
[36m(RayTrainWorker pid=464107)[0m [LightGBM] [Warning] Provided parameters constrain tree depth (max_depth=6) without explicitly setting 'num_leaves'. This can lead to underfitting. To resolve this warning, pass 'num_leaves' (<=64) in params. Alternatively, pass (max_depth=-1) and just use 'num_leaves' to constrain model complexity.
[36m(RayTrainWorker pid=464107)[0m [LightGBM] [Warning] Unknown parameter: colsample_bylevel
[36m(RayTrainWorker pid=464107)[0m [LightGBM] [Warning] Provided parameters constrain tree depth (max_depth=6) without explicitly setting 'num_leaves'. This can lead to underfitting. To resolve this warning, pass 'num_leaves' (<=64) in params. Alternatively, pass (max_depth=-1) and just use 'num_leaves' to constrain model complexity.
[36m(RayTrainWorker pid=464107)[0m [LightGBM] [Warning] Unknown parameter: colsample_bylevel
[36m(RayTrainWorker pid=464107)[0m [LightGBM] [Warning] Provided parameters constrain tree depth (max_depth=6) without explicitly setting 'num_leaves'. This can lead to underfitting. To resolve this warning, pass 'num_leaves' (<=64) in params. Alternatively, pass (max_depth=-1) and just use 'num_leaves' to constrain model complexity.
[36m(RayTrainWorker pid=464107)[0m [LightGBM] [Warning] Unknown parameter: colsample_bylevel
[36m(RayTrainWorker pid=464107)[0m [LightGBM] [Warning] Provided parameters constrain tree depth (max_depth=6) without explicitly setting 'num_leaves'. This can lead to underfitting. To resolve this warning, pass 'num_leaves' (<=64) in params. Alternatively, pass (max_depth=-1) and just use 'num_leaves' to constrain model complexity.
[36m(RayTrainWorker pid=464107)[0m [LightGBM] [Info] [binary:BoostFromScore]: pavg=0.401213 -> initscore=-0.400412
[36m(RayTrainWorker pid=464107)[0m [LightGBM] [Info] Start training from score -0.400412

Trial LightGBMTrainer_b56ce6b8 completed after 10 iterations at 2025-04-25 14:00:31. Total running time: 3min 13s
╭─────────────────────────────────────────────────────────────╮
│ Trial LightGBMTrainer_b56ce6b8 result                       │
├─────────────────────────────────────────────────────────────┤
│ checkpoint_dir_name                       checkpoint_000000 │
│ time_this_iter_s                                    0.49105 │
│ time_total_s                                      181.14642 │
│ training_iteration                                       10 │
│ id_test-auc                                         0.70523 │
│ id_test-average_precision                           0.60122 │
│ id_test-binary_error                                0.40197 │
│ id_test_0-auc                                       0.66338 │
│ id_test_0-average_precision                          0.5236 │
│ id_test_0-binary_error                              0.36837 │
│ id_test_1-auc                                       0.70487 │
│ id_test_1-average_precision                         0.58097 │
│ id_test_1-binary_error                              0.38716 │
│ id_test_4-auc                                       0.68677 │
│ id_test_4-average_precision                         0.69607 │
│ id_test_4-binary_error                              0.52249 │
│ new_ood_test-auc                                    0.68992 │
│ new_ood_test-average_precision                       0.7416 │
│ new_ood_test-binary_error                           0.58445 │
│ new_ood_test_1-auc                                  0.68992 │
│ new_ood_test_1-average_precision                     0.7416 │
│ new_ood_test_1-binary_error                         0.58445 │
│ new_train-auc                                       0.70181 │
│ new_train-average_precision                         0.59507 │
│ new_train-binary_error                              0.40121 │
│ ood_test-auc                                        0.68919 │
│ ood_test-average_precision                           0.7407 │
│ ood_test-binary_error                               0.58429 │
│ ood_test_2-auc                                      0.67631 │
│ ood_test_2-average_precision                        0.67232 │
│ ood_test_2-binary_error                             0.51538 │
│ ood_test_3-auc                                      0.66722 │
│ ood_test_3-average_precision                         0.7808 │
│ ood_test_3-binary_error                              0.6628 │
│ ood_validation-auc                                  0.68939 │
│ ood_validation-average_precision                    0.73987 │
│ ood_validation-binary_error                         0.58351 │
│ oracle-auc                                          0.68817 │
│ oracle-average_precision                            0.73946 │
│ oracle-binary_error                                 0.58407 │
│ train-auc                                           0.70181 │
│ train-average_precision                             0.59507 │
│ train-binary_error                                  0.40121 │
│ validation-auc                                       0.7007 │
│ validation-average_precision                        0.59634 │
│ validation-binary_error                              0.4022 │
╰─────────────────────────────────────────────────────────────╯

Trial status: 1 TERMINATED
Current time: 2025-04-25 14:00:31. Total running time: 3min 13s
Logical resource usage: 1.0/36 CPUs, 0/0 GPUs
╭────────────────────────────────────────────────────────────────────────────────────────────────────────────────────────────────────────────────────────────────────────────────────────────────────────────────────────────────────────────────────────────────────────────────────────────────────────────────────────────────────────────────────────────────────────────╮
│ Trial name                 status         params/learning_rate     ...min_child_samples     .../min_child_weight     params/subsample     params/max_depth     .../colsample_bytree     ...colsample_bylevel     params/reg_alpha     params/reg_lambda     iter     total time (s)     train-binary_error     train-auc     ...average_precision     ...st_4-binary_error │
├────────────────────────────────────────────────────────────────────────────────────────────────────────────────────────────────────────────────────────────────────────────────────────────────────────────────────────────────────────────────────────────────────────────────────────────────────────────────────────────────────────────────────────────────────────────┤
│ LightGBMTrainer_b56ce6b8   TERMINATED              0.000164587                        8                  31.1567             0.795395                    6                  0.72302                 0.925513               11.443             0.0032299       10            181.146               0.401213      0.701815                 0.595072                 0.522494 │
╰────────────────────────────────────────────────────────────────────────────────────────────────────────────────────────────────────────────────────────────────────────────────────────────────────────────────────────────────────────────────────────────────────────────────────────────────────────────────────────────────────────────────────────────────────────────╯

   train-auc  ...  domain_split_id_values
0   0.701815  ...         ['0', '1', '4']

[1 rows x 70 columns]
