╭──────────────────────────────────────────────────────────╮
│ Configuration for experiment     tableshift              │
├──────────────────────────────────────────────────────────┤
│ Search algorithm                 SearchGenerator         │
│ Scheduler                        AsyncHyperBandScheduler │
│ Number of trials                 4                       │
╰──────────────────────────────────────────────────────────╯

View detailed results here: /home/rjsingh/ray_results/tableshift
To visualize your results with TensorBoard, run: `tensorboard --logdir /tmp/ray/session_2025-04-25_13-49-45_255331_1273119/artifacts/2025-04-25_13-50-07/tableshift/driver_artifacts`

Trial status: 1 PENDING
Current time: 2025-04-25 13:50:08. Total running time: 0s
Logical resource usage: 0/36 CPUs, 0/0 GPUs
╭───────────────────────────────────────────────────────────────────────────────────────────────────────────────────────────────────────────────────────────────────────────────────────────────────────────────────────────────────────────────────────╮
│ Trial name                 status       params/learning_rate     ...min_child_samples     .../min_child_weight     params/subsample     params/max_depth     .../colsample_bytree     ...colsample_bylevel     params/reg_alpha     params/reg_lambda │
├───────────────────────────────────────────────────────────────────────────────────────────────────────────────────────────────────────────────────────────────────────────────────────────────────────────────────────────────────────────────────────┤
│ LightGBMTrainer_cf5080ea   PENDING               0.000164587                        8                  31.1567             0.795395                    6                  0.72302                 0.925513               11.443             0.0032299 │
╰───────────────────────────────────────────────────────────────────────────────────────────────────────────────────────────────────────────────────────────────────────────────────────────────────────────────────────────────────────────────────────╯

Trial LightGBMTrainer_cf5080ea started with configuration:
╭───────────────────────────────────────────────────────╮
│ Trial LightGBMTrainer_cf5080ea config                 │
├───────────────────────────────────────────────────────┤
│ params/colsample_bylevel                     0.925513 │
│ params/colsample_bytree                       0.72302 │
│ params/learning_rate                      0.000164587 │
│ params/max_depth                                    6 │
│ params/min_child_samples                            8 │
│ params/min_child_weight                       31.1567 │
│ params/reg_alpha                               11.443 │
│ params/reg_lambda                           0.0032299 │
│ params/subsample                             0.795395 │
╰───────────────────────────────────────────────────────╯

Trial LightGBMTrainer_2c199462 started with configuration:
╭───────────────────────────────────────────────────────╮
│ Trial LightGBMTrainer_2c199462 config                 │
├───────────────────────────────────────────────────────┤
│ params/colsample_bylevel                      0.91828 │
│ params/colsample_bytree                      0.963194 │
│ params/learning_rate                      0.000121064 │
│ params/max_depth                                   19 │
│ params/min_child_samples                            4 │
│ params/min_child_weight                       88.6536 │
│ params/reg_alpha                          3.15908e-05 │
│ params/reg_lambda                          1.9731e-05 │
│ params/subsample                             0.995723 │
╰───────────────────────────────────────────────────────╯

Trial status: 2 RUNNING
Current time: 2025-04-25 13:50:38. Total running time: 30s
Logical resource usage: 2.0/36 CPUs, 0/0 GPUs
╭───────────────────────────────────────────────────────────────────────────────────────────────────────────────────────────────────────────────────────────────────────────────────────────────────────────────────────────────────────────────────────╮
│ Trial name                 status       params/learning_rate     ...min_child_samples     .../min_child_weight     params/subsample     params/max_depth     .../colsample_bytree     ...colsample_bylevel     params/reg_alpha     params/reg_lambda │
├───────────────────────────────────────────────────────────────────────────────────────────────────────────────────────────────────────────────────────────────────────────────────────────────────────────────────────────────────────────────────────┤
│ LightGBMTrainer_cf5080ea   RUNNING               0.000164587                        8                  31.1567             0.795395                    6                 0.72302                  0.925513         11.443                  0.0032299  │
│ LightGBMTrainer_2c199462   RUNNING               0.000121064                        4                  88.6536             0.995723                   19                 0.963194                 0.91828           3.15908e-05            1.9731e-05 │
╰───────────────────────────────────────────────────────────────────────────────────────────────────────────────────────────────────────────────────────────────────────────────────────────────────────────────────────────────────────────────────────╯
Trial status: 2 RUNNING
Current time: 2025-04-25 13:51:08. Total running time: 1min 0s
Logical resource usage: 2.0/36 CPUs, 0/0 GPUs
╭───────────────────────────────────────────────────────────────────────────────────────────────────────────────────────────────────────────────────────────────────────────────────────────────────────────────────────────────────────────────────────╮
│ Trial name                 status       params/learning_rate     ...min_child_samples     .../min_child_weight     params/subsample     params/max_depth     .../colsample_bytree     ...colsample_bylevel     params/reg_alpha     params/reg_lambda │
├───────────────────────────────────────────────────────────────────────────────────────────────────────────────────────────────────────────────────────────────────────────────────────────────────────────────────────────────────────────────────────┤
│ LightGBMTrainer_cf5080ea   RUNNING               0.000164587                        8                  31.1567             0.795395                    6                 0.72302                  0.925513         11.443                  0.0032299  │
│ LightGBMTrainer_2c199462   RUNNING               0.000121064                        4                  88.6536             0.995723                   19                 0.963194                 0.91828           3.15908e-05            1.9731e-05 │
╰───────────────────────────────────────────────────────────────────────────────────────────────────────────────────────────────────────────────────────────────────────────────────────────────────────────────────────────────────────────────────────╯
Trial status: 2 RUNNING
Current time: 2025-04-25 13:51:38. Total running time: 1min 30s
Logical resource usage: 2.0/36 CPUs, 0/0 GPUs
╭───────────────────────────────────────────────────────────────────────────────────────────────────────────────────────────────────────────────────────────────────────────────────────────────────────────────────────────────────────────────────────╮
│ Trial name                 status       params/learning_rate     ...min_child_samples     .../min_child_weight     params/subsample     params/max_depth     .../colsample_bytree     ...colsample_bylevel     params/reg_alpha     params/reg_lambda │
├───────────────────────────────────────────────────────────────────────────────────────────────────────────────────────────────────────────────────────────────────────────────────────────────────────────────────────────────────────────────────────┤
│ LightGBMTrainer_cf5080ea   RUNNING               0.000164587                        8                  31.1567             0.795395                    6                 0.72302                  0.925513         11.443                  0.0032299  │
│ LightGBMTrainer_2c199462   RUNNING               0.000121064                        4                  88.6536             0.995723                   19                 0.963194                 0.91828           3.15908e-05            1.9731e-05 │
╰───────────────────────────────────────────────────────────────────────────────────────────────────────────────────────────────────────────────────────────────────────────────────────────────────────────────────────────────────────────────────────╯
[33m(raylet)[0m A worker died or was killed while executing a task by an unexpected system error. To troubleshoot the problem, check the logs for the dead worker. RayTask ID: ffffffffffffffffcade5c864d6d7678450c754501000000 Worker ID: a617351e2c92a7eff629de9a522075c6eed7a434a7b3a32c79b885ba Node ID: a3e602a25331a06c11451a7bb76d0676870da0a45b9d1c4b11ef777f Worker IP address: 10.164.9.166 Worker port: 44331 Worker PID: 1276310 Worker exit type: SYSTEM_ERROR Worker exit detail: Worker unexpectedly exits with a connection error code 2. End of file. There are some potential root causes. (1) The process is killed by SIGKILL by OOM killer due to high memory usage. (2) ray stop --force is called. (3) The worker is crashed unexpectedly due to SIGSEGV or other unexpected errors.
Trial status: 2 RUNNING
Current time: 2025-04-25 13:52:08. Total running time: 2min 0s
Logical resource usage: 2.0/36 CPUs, 0/0 GPUs
╭───────────────────────────────────────────────────────────────────────────────────────────────────────────────────────────────────────────────────────────────────────────────────────────────────────────────────────────────────────────────────────╮
│ Trial name                 status       params/learning_rate     ...min_child_samples     .../min_child_weight     params/subsample     params/max_depth     .../colsample_bytree     ...colsample_bylevel     params/reg_alpha     params/reg_lambda │
├───────────────────────────────────────────────────────────────────────────────────────────────────────────────────────────────────────────────────────────────────────────────────────────────────────────────────────────────────────────────────────┤
│ LightGBMTrainer_cf5080ea   RUNNING               0.000164587                        8                  31.1567             0.795395                    6                 0.72302                  0.925513         11.443                  0.0032299  │
│ LightGBMTrainer_2c199462   RUNNING               0.000121064                        4                  88.6536             0.995723                   19                 0.963194                 0.91828           3.15908e-05            1.9731e-05 │
╰───────────────────────────────────────────────────────────────────────────────────────────────────────────────────────────────────────────────────────────────────────────────────────────────────────────────────────────────────────────────────────╯

Trial LightGBMTrainer_cf5080ea errored after 0 iterations at 2025-04-25 13:52:08. Total running time: 2min 0s
Error file: /tmp/ray/session_2025-04-25_13-49-45_255331_1273119/artifacts/2025-04-25_13-50-07/tableshift/driver_artifacts/LightGBMTrainer_cf5080ea_1_colsample_bylevel=0.9255,colsample_bytree=0.7230,learning_rate=0.0002,max_depth=6,min_child_samples=8,m_2025-04-25_13-50-07/error.txt

Trial LightGBMTrainer_0a7347ba started with configuration:
╭───────────────────────────────────────────────────────╮
│ Trial LightGBMTrainer_0a7347ba config                 │
├───────────────────────────────────────────────────────┤
│ params/colsample_bylevel                     0.995475 │
│ params/colsample_bytree                      0.890752 │
│ params/learning_rate                         0.285296 │
│ params/max_depth                                    6 │
│ params/min_child_samples                            2 │
│ params/min_child_weight                    1.5737e-05 │
│ params/reg_alpha                          0.000468379 │
│ params/reg_lambda                             2.79121 │
│ params/subsample                             0.799768 │
╰───────────────────────────────────────────────────────╯

Trial status: 1 ERROR | 2 RUNNING
Current time: 2025-04-25 13:52:38. Total running time: 2min 30s
Logical resource usage: 2.0/36 CPUs, 0/0 GPUs
╭───────────────────────────────────────────────────────────────────────────────────────────────────────────────────────────────────────────────────────────────────────────────────────────────────────────────────────────────────────────────────────╮
│ Trial name                 status       params/learning_rate     ...min_child_samples     .../min_child_weight     params/subsample     params/max_depth     .../colsample_bytree     ...colsample_bylevel     params/reg_alpha     params/reg_lambda │
├───────────────────────────────────────────────────────────────────────────────────────────────────────────────────────────────────────────────────────────────────────────────────────────────────────────────────────────────────────────────────────┤
│ LightGBMTrainer_2c199462   RUNNING               0.000121064                        4              88.6536                 0.995723                   19                 0.963194                 0.91828           3.15908e-05            1.9731e-05 │
│ LightGBMTrainer_0a7347ba   RUNNING               0.285296                           2               1.5737e-05             0.799768                    6                 0.890752                 0.995475          0.000468379            2.79121    │
│ LightGBMTrainer_cf5080ea   ERROR                 0.000164587                        8              31.1567                 0.795395                    6                 0.72302                  0.925513         11.443                  0.0032299  │
╰───────────────────────────────────────────────────────────────────────────────────────────────────────────────────────────────────────────────────────────────────────────────────────────────────────────────────────────────────────────────────────╯
Trial status: 1 ERROR | 2 RUNNING
Current time: 2025-04-25 13:53:08. Total running time: 3min 0s
Logical resource usage: 2.0/36 CPUs, 0/0 GPUs
╭───────────────────────────────────────────────────────────────────────────────────────────────────────────────────────────────────────────────────────────────────────────────────────────────────────────────────────────────────────────────────────╮
│ Trial name                 status       params/learning_rate     ...min_child_samples     .../min_child_weight     params/subsample     params/max_depth     .../colsample_bytree     ...colsample_bylevel     params/reg_alpha     params/reg_lambda │
├───────────────────────────────────────────────────────────────────────────────────────────────────────────────────────────────────────────────────────────────────────────────────────────────────────────────────────────────────────────────────────┤
│ LightGBMTrainer_2c199462   RUNNING               0.000121064                        4              88.6536                 0.995723                   19                 0.963194                 0.91828           3.15908e-05            1.9731e-05 │
│ LightGBMTrainer_0a7347ba   RUNNING               0.285296                           2               1.5737e-05             0.799768                    6                 0.890752                 0.995475          0.000468379            2.79121    │
│ LightGBMTrainer_cf5080ea   ERROR                 0.000164587                        8              31.1567                 0.795395                    6                 0.72302                  0.925513         11.443                  0.0032299  │
╰───────────────────────────────────────────────────────────────────────────────────────────────────────────────────────────────────────────────────────────────────────────────────────────────────────────────────────────────────────────────────────╯
[33m(raylet)[0m A worker died or was killed while executing a task by an unexpected system error. To troubleshoot the problem, check the logs for the dead worker. RayTask ID: ffffffffffffffff4433a4f39500f79de5d64ef201000000 Worker ID: 8adf967b78701bdc0dd2da7d0ab988e86b3f12aa49ab2850f1121b6a Node ID: a3e602a25331a06c11451a7bb76d0676870da0a45b9d1c4b11ef777f Worker IP address: 10.164.9.166 Worker port: 41561 Worker PID: 1277191 Worker exit type: SYSTEM_ERROR Worker exit detail: Worker unexpectedly exits with a connection error code 2. End of file. There are some potential root causes. (1) The process is killed by SIGKILL by OOM killer due to high memory usage. (2) ray stop --force is called. (3) The worker is crashed unexpectedly due to SIGSEGV or other unexpected errors.

Trial LightGBMTrainer_2c199462 errored after 0 iterations at 2025-04-25 13:53:27. Total running time: 3min 20s
Error file: /tmp/ray/session_2025-04-25_13-49-45_255331_1273119/artifacts/2025-04-25_13-50-07/tableshift/driver_artifacts/LightGBMTrainer_2c199462_2_colsample_bylevel=0.9183,colsample_bytree=0.9632,learning_rate=0.0001,max_depth=19,min_child_samples=4,_2025-04-25_13-50-13/error.txt

Trial LightGBMTrainer_52f8f29c started with configuration:
╭───────────────────────────────────────────────────────╮
│ Trial LightGBMTrainer_52f8f29c config                 │
├───────────────────────────────────────────────────────┤
│ params/colsample_bylevel                     0.903575 │
│ params/colsample_bytree                      0.841159 │
│ params/learning_rate                      0.000988995 │
│ params/max_depth                                    5 │
│ params/min_child_samples                           64 │
│ params/min_child_weight                    0.00324906 │
│ params/reg_alpha                           5.8573e-05 │
│ params/reg_lambda                         0.000552809 │
│ params/subsample                             0.652433 │
╰───────────────────────────────────────────────────────╯

Trial status: 2 ERROR | 2 RUNNING
Current time: 2025-04-25 13:53:57. Total running time: 3min 49s
Logical resource usage: 2.0/36 CPUs, 0/0 GPUs
╭───────────────────────────────────────────────────────────────────────────────────────────────────────────────────────────────────────────────────────────────────────────────────────────────────────────────────────────────────────────────────────╮
│ Trial name                 status       params/learning_rate     ...min_child_samples     .../min_child_weight     params/subsample     params/max_depth     .../colsample_bytree     ...colsample_bylevel     params/reg_alpha     params/reg_lambda │
├───────────────────────────────────────────────────────────────────────────────────────────────────────────────────────────────────────────────────────────────────────────────────────────────────────────────────────────────────────────────────────┤
│ LightGBMTrainer_0a7347ba   RUNNING               0.285296                           2               1.5737e-05             0.799768                    6                 0.890752                 0.995475          0.000468379           2.79121     │
│ LightGBMTrainer_52f8f29c   RUNNING               0.000988995                       64               0.00324906             0.652433                    5                 0.841159                 0.903575          5.8573e-05            0.000552809 │
│ LightGBMTrainer_cf5080ea   ERROR                 0.000164587                        8              31.1567                 0.795395                    6                 0.72302                  0.925513         11.443                 0.0032299   │
│ LightGBMTrainer_2c199462   ERROR                 0.000121064                        4              88.6536                 0.995723                   19                 0.963194                 0.91828           3.15908e-05           1.9731e-05  │
╰───────────────────────────────────────────────────────────────────────────────────────────────────────────────────────────────────────────────────────────────────────────────────────────────────────────────────────────────────────────────────────╯
Trial status: 2 ERROR | 2 RUNNING
Current time: 2025-04-25 13:54:27. Total running time: 4min 19s
Logical resource usage: 2.0/36 CPUs, 0/0 GPUs
╭───────────────────────────────────────────────────────────────────────────────────────────────────────────────────────────────────────────────────────────────────────────────────────────────────────────────────────────────────────────────────────╮
│ Trial name                 status       params/learning_rate     ...min_child_samples     .../min_child_weight     params/subsample     params/max_depth     .../colsample_bytree     ...colsample_bylevel     params/reg_alpha     params/reg_lambda │
├───────────────────────────────────────────────────────────────────────────────────────────────────────────────────────────────────────────────────────────────────────────────────────────────────────────────────────────────────────────────────────┤
│ LightGBMTrainer_0a7347ba   RUNNING               0.285296                           2               1.5737e-05             0.799768                    6                 0.890752                 0.995475          0.000468379           2.79121     │
│ LightGBMTrainer_52f8f29c   RUNNING               0.000988995                       64               0.00324906             0.652433                    5                 0.841159                 0.903575          5.8573e-05            0.000552809 │
│ LightGBMTrainer_cf5080ea   ERROR                 0.000164587                        8              31.1567                 0.795395                    6                 0.72302                  0.925513         11.443                 0.0032299   │
│ LightGBMTrainer_2c199462   ERROR                 0.000121064                        4              88.6536                 0.995723                   19                 0.963194                 0.91828           3.15908e-05           1.9731e-05  │
╰───────────────────────────────────────────────────────────────────────────────────────────────────────────────────────────────────────────────────────────────────────────────────────────────────────────────────────────────────────────────────────╯
Trial status: 2 ERROR | 2 RUNNING
Current time: 2025-04-25 13:54:57. Total running time: 4min 49s
Logical resource usage: 2.0/36 CPUs, 0/0 GPUs
╭───────────────────────────────────────────────────────────────────────────────────────────────────────────────────────────────────────────────────────────────────────────────────────────────────────────────────────────────────────────────────────╮
│ Trial name                 status       params/learning_rate     ...min_child_samples     .../min_child_weight     params/subsample     params/max_depth     .../colsample_bytree     ...colsample_bylevel     params/reg_alpha     params/reg_lambda │
├───────────────────────────────────────────────────────────────────────────────────────────────────────────────────────────────────────────────────────────────────────────────────────────────────────────────────────────────────────────────────────┤
│ LightGBMTrainer_0a7347ba   RUNNING               0.285296                           2               1.5737e-05             0.799768                    6                 0.890752                 0.995475          0.000468379           2.79121     │
│ LightGBMTrainer_52f8f29c   RUNNING               0.000988995                       64               0.00324906             0.652433                    5                 0.841159                 0.903575          5.8573e-05            0.000552809 │
│ LightGBMTrainer_cf5080ea   ERROR                 0.000164587                        8              31.1567                 0.795395                    6                 0.72302                  0.925513         11.443                 0.0032299   │
│ LightGBMTrainer_2c199462   ERROR                 0.000121064                        4              88.6536                 0.995723                   19                 0.963194                 0.91828           3.15908e-05           1.9731e-05  │
╰───────────────────────────────────────────────────────────────────────────────────────────────────────────────────────────────────────────────────────────────────────────────────────────────────────────────────────────────────────────────────────╯
[33m(raylet)[0m A worker died or was killed while executing a task by an unexpected system error. To troubleshoot the problem, check the logs for the dead worker. RayTask ID: ffffffffffffffff40056b9ad636333dca1f240101000000 Worker ID: a40c142ad6b802f8cf42809d887b5cb0599611e2a8e4a5a015e99a0d Node ID: a3e602a25331a06c11451a7bb76d0676870da0a45b9d1c4b11ef777f Worker IP address: 10.164.9.166 Worker port: 41933 Worker PID: 1284263 Worker exit type: SYSTEM_ERROR Worker exit detail: Worker unexpectedly exits with a connection error code 2. End of file. There are some potential root causes. (1) The process is killed by SIGKILL by OOM killer due to high memory usage. (2) ray stop --force is called. (3) The worker is crashed unexpectedly due to SIGSEGV or other unexpected errors.

Trial LightGBMTrainer_0a7347ba errored after 0 iterations at 2025-04-25 13:54:57. Total running time: 4min 49s
Error file: /tmp/ray/session_2025-04-25_13-49-45_255331_1273119/artifacts/2025-04-25_13-50-07/tableshift/driver_artifacts/LightGBMTrainer_0a7347ba_3_colsample_bylevel=0.9955,colsample_bytree=0.8908,learning_rate=0.2853,max_depth=6,min_child_samples=2,m_2025-04-25_13-52-08/error.txt
[33m(raylet)[0m A worker died or was killed while executing a task by an unexpected system error. To troubleshoot the problem, check the logs for the dead worker. RayTask ID: ffffffffffffffff9cc96bc29ab9d4ccd06830f601000000 Worker ID: 922bcae2208d19fb79bec3c0a212b165fd89c30514473bb9e739904d Node ID: a3e602a25331a06c11451a7bb76d0676870da0a45b9d1c4b11ef777f Worker IP address: 10.164.9.166 Worker port: 35237 Worker PID: 1286908 Worker exit type: SYSTEM_ERROR Worker exit detail: Worker exits unexpectedly by a signal. SystemExit is raised (sys.exit is called). Exit code: 1. The process receives a SIGTERM.
[33m(raylet)[0m A worker died or was killed while executing a task by an unexpected system error. To troubleshoot the problem, check the logs for the dead worker. RayTask ID: ffffffffffffffffc08b40513886dd0aa0d511a301000000 Worker ID: 965da16753f1a56bfbfaaa7ff3b511d67bdfe4a614314bd9b5a54010 Node ID: a3e602a25331a06c11451a7bb76d0676870da0a45b9d1c4b11ef777f Worker IP address: 10.164.9.166 Worker port: 37891 Worker PID: 1286918 Worker exit type: SYSTEM_ERROR Worker exit detail: Worker exits unexpectedly by a signal. SystemExit is raised (sys.exit is called). Exit code: 1. The process receives a SIGTERM.[32m [repeated 2x across cluster][0m

Trial status: 3 ERROR | 1 RUNNING
Current time: 2025-04-25 13:55:27. Total running time: 5min 19s
Logical resource usage: 1.0/36 CPUs, 0/0 GPUs
╭───────────────────────────────────────────────────────────────────────────────────────────────────────────────────────────────────────────────────────────────────────────────────────────────────────────────────────────────────────────────────────╮
│ Trial name                 status       params/learning_rate     ...min_child_samples     .../min_child_weight     params/subsample     params/max_depth     .../colsample_bytree     ...colsample_bylevel     params/reg_alpha     params/reg_lambda │
├───────────────────────────────────────────────────────────────────────────────────────────────────────────────────────────────────────────────────────────────────────────────────────────────────────────────────────────────────────────────────────┤
│ LightGBMTrainer_52f8f29c   RUNNING               0.000988995                       64               0.00324906             0.652433                    5                 0.841159                 0.903575          5.8573e-05            0.000552809 │
│ LightGBMTrainer_cf5080ea   ERROR                 0.000164587                        8              31.1567                 0.795395                    6                 0.72302                  0.925513         11.443                 0.0032299   │
│ LightGBMTrainer_2c199462   ERROR                 0.000121064                        4              88.6536                 0.995723                   19                 0.963194                 0.91828           3.15908e-05           1.9731e-05  │
│ LightGBMTrainer_0a7347ba   ERROR                 0.285296                           2               1.5737e-05             0.799768                    6                 0.890752                 0.995475          0.000468379           2.79121     │
╰───────────────────────────────────────────────────────────────────────────────────────────────────────────────────────────────────────────────────────────────────────────────────────────────────────────────────────────────────────────────────────╯
Trial status: 3 ERROR | 1 RUNNING
Current time: 2025-04-25 13:55:57. Total running time: 5min 49s
Logical resource usage: 1.0/36 CPUs, 0/0 GPUs
╭───────────────────────────────────────────────────────────────────────────────────────────────────────────────────────────────────────────────────────────────────────────────────────────────────────────────────────────────────────────────────────╮
│ Trial name                 status       params/learning_rate     ...min_child_samples     .../min_child_weight     params/subsample     params/max_depth     .../colsample_bytree     ...colsample_bylevel     params/reg_alpha     params/reg_lambda │
├───────────────────────────────────────────────────────────────────────────────────────────────────────────────────────────────────────────────────────────────────────────────────────────────────────────────────────────────────────────────────────┤
│ LightGBMTrainer_52f8f29c   RUNNING               0.000988995                       64               0.00324906             0.652433                    5                 0.841159                 0.903575          5.8573e-05            0.000552809 │
│ LightGBMTrainer_cf5080ea   ERROR                 0.000164587                        8              31.1567                 0.795395                    6                 0.72302                  0.925513         11.443                 0.0032299   │
│ LightGBMTrainer_2c199462   ERROR                 0.000121064                        4              88.6536                 0.995723                   19                 0.963194                 0.91828           3.15908e-05           1.9731e-05  │
│ LightGBMTrainer_0a7347ba   ERROR                 0.285296                           2               1.5737e-05             0.799768                    6                 0.890752                 0.995475          0.000468379           2.79121     │
╰───────────────────────────────────────────────────────────────────────────────────────────────────────────────────────────────────────────────────────────────────────────────────────────────────────────────────────────────────────────────────────╯
[33m(raylet)[0m A worker died or was killed while executing a task by an unexpected system error. To troubleshoot the problem, check the logs for the dead worker. RayTask ID: ffffffffffffffff8f1cafdb81b682ed904be9e901000000 Worker ID: 9ffeb8b78e6c2f47c33929a2b0b33092dd76a8d7395ebf093d9330b5 Node ID: a3e602a25331a06c11451a7bb76d0676870da0a45b9d1c4b11ef777f Worker IP address: 10.164.9.166 Worker port: 40639 Worker PID: 1296798 Worker exit type: SYSTEM_ERROR Worker exit detail: Worker unexpectedly exits with a connection error code 2. End of file. There are some potential root causes. (1) The process is killed by SIGKILL by OOM killer due to high memory usage. (2) ray stop --force is called. (3) The worker is crashed unexpectedly due to SIGSEGV or other unexpected errors.

Trial LightGBMTrainer_52f8f29c errored after 0 iterations at 2025-04-25 13:56:22. Total running time: 6min 14s
Error file: /tmp/ray/session_2025-04-25_13-49-45_255331_1273119/artifacts/2025-04-25_13-50-07/tableshift/driver_artifacts/LightGBMTrainer_52f8f29c_4_colsample_bylevel=0.9036,colsample_bytree=0.8412,learning_rate=0.0010,max_depth=5,min_child_samples=64,_2025-04-25_13-53-27/error.txt

Trial status: 4 ERROR
Current time: 2025-04-25 13:56:22. Total running time: 6min 14s
Logical resource usage: 0/36 CPUs, 0/0 GPUs
╭───────────────────────────────────────────────────────────────────────────────────────────────────────────────────────────────────────────────────────────────────────────────────────────────────────────────────────────────────────────────────────╮
│ Trial name                 status       params/learning_rate     ...min_child_samples     .../min_child_weight     params/subsample     params/max_depth     .../colsample_bytree     ...colsample_bylevel     params/reg_alpha     params/reg_lambda │
├───────────────────────────────────────────────────────────────────────────────────────────────────────────────────────────────────────────────────────────────────────────────────────────────────────────────────────────────────────────────────────┤
│ LightGBMTrainer_cf5080ea   ERROR                 0.000164587                        8              31.1567                 0.795395                    6                 0.72302                  0.925513         11.443                 0.0032299   │
│ LightGBMTrainer_2c199462   ERROR                 0.000121064                        4              88.6536                 0.995723                   19                 0.963194                 0.91828           3.15908e-05           1.9731e-05  │
│ LightGBMTrainer_0a7347ba   ERROR                 0.285296                           2               1.5737e-05             0.799768                    6                 0.890752                 0.995475          0.000468379           2.79121     │
│ LightGBMTrainer_52f8f29c   ERROR                 0.000988995                       64               0.00324906             0.652433                    5                 0.841159                 0.903575          5.8573e-05            0.000552809 │
╰───────────────────────────────────────────────────────────────────────────────────────────────────────────────────────────────────────────────────────────────────────────────────────────────────────────────────────────────────────────────────────╯

Number of errored trials: 4
╭──────────────────────────────────────────────────────────────────────────────────────────────────────────────────────────────────────────────────────────────────────────────────────────────────────────────────────────────────────────────────────────────────────────────────────────────────────────────────────────╮
│ Trial name                   # failures   error file                                                                                                                                                                                                                                                                     │
├──────────────────────────────────────────────────────────────────────────────────────────────────────────────────────────────────────────────────────────────────────────────────────────────────────────────────────────────────────────────────────────────────────────────────────────────────────────────────────────┤
│ LightGBMTrainer_cf5080ea              1   /tmp/ray/session_2025-04-25_13-49-45_255331_1273119/artifacts/2025-04-25_13-50-07/tableshift/driver_artifacts/LightGBMTrainer_cf5080ea_1_colsample_bylevel=0.9255,colsample_bytree=0.7230,learning_rate=0.0002,max_depth=6,min_child_samples=8,m_2025-04-25_13-50-07/error.txt │
│ LightGBMTrainer_2c199462              1   /tmp/ray/session_2025-04-25_13-49-45_255331_1273119/artifacts/2025-04-25_13-50-07/tableshift/driver_artifacts/LightGBMTrainer_2c199462_2_colsample_bylevel=0.9183,colsample_bytree=0.9632,learning_rate=0.0001,max_depth=19,min_child_samples=4,_2025-04-25_13-50-13/error.txt │
│ LightGBMTrainer_0a7347ba              1   /tmp/ray/session_2025-04-25_13-49-45_255331_1273119/artifacts/2025-04-25_13-50-07/tableshift/driver_artifacts/LightGBMTrainer_0a7347ba_3_colsample_bylevel=0.9955,colsample_bytree=0.8908,learning_rate=0.2853,max_depth=6,min_child_samples=2,m_2025-04-25_13-52-08/error.txt │
│ LightGBMTrainer_52f8f29c              1   /tmp/ray/session_2025-04-25_13-49-45_255331_1273119/artifacts/2025-04-25_13-50-07/tableshift/driver_artifacts/LightGBMTrainer_52f8f29c_4_colsample_bylevel=0.9036,colsample_bytree=0.8412,learning_rate=0.0010,max_depth=5,min_child_samples=64,_2025-04-25_13-53-27/error.txt │
╰──────────────────────────────────────────────────────────────────────────────────────────────────────────────────────────────────────────────────────────────────────────────────────────────────────────────────────────────────────────────────────────────────────────────────────────────────────────────────────────╯

Empty DataFrame
Columns: [estimator, domain_split_varname, domain_split_ood_values, domain_split_id_values]
Index: []
