╭──────────────────────────────────────────────────────────╮
│ Configuration for experiment     tableshift              │
├──────────────────────────────────────────────────────────┤
│ Search algorithm                 SearchGenerator         │
│ Scheduler                        AsyncHyperBandScheduler │
│ Number of trials                 50                      │
╰──────────────────────────────────────────────────────────╯

View detailed results here: /home/rjsingh/ray_results/tableshift
To visualize your results with TensorBoard, run: `tensorboard --logdir /tmp/ray/session_2025-04-29_15-10-04_543975_1566898/artifacts/2025-04-29_15-10-30/tableshift/driver_artifacts`

Trial status: 1 PENDING
Current time: 2025-04-29 15:10:31. Total running time: 0s
Logical resource usage: 0/36 CPUs, 0/0 GPUs
╭───────────────────────────────────────────────────────────────────────────────────────────────────────────────────────────────────────────────────────────────────────────────────────────────────────────────────────────────────────────────────────────────────────────────────────────╮
│ Trial name              status       ...p_config/d_hidden     train_loop_config/lr     ...p_config/n_epochs     ...config/num_layers     ...p_config/dropouts     ...nfig/weight_decay     ...oop_config/eta_pi     train_loop_config/r     ...p_config/clip_max     ...n_loop_config/eps │
├───────────────────────────────────────────────────────────────────────────────────────────────────────────────────────────────────────────────────────────────────────────────────────────────────────────────────────────────────────────────────────────────────────────────────────────┤
│ TorchTrainer_80e81712   PENDING                       256              7.50099e-05                       75                        6                 0.425513               0.00350542              9.39974e-05                0.275464                    0.273               0.00217832 │
╰───────────────────────────────────────────────────────────────────────────────────────────────────────────────────────────────────────────────────────────────────────────────────────────────────────────────────────────────────────────────────────────────────────────────────────────╯

Trial TorchTrainer_80e81712 started with configuration:
╭────────────────────────────────────────────────────╮
│ Trial TorchTrainer_80e81712 config                 │
├────────────────────────────────────────────────────┤
│ train_loop_config/clip_max                   0.273 │
│ train_loop_config/d_hidden                     256 │
│ train_loop_config/dropouts                0.425513 │
│ train_loop_config/eps                   0.00217832 │
│ train_loop_config/eta_pi               9.39974e-05 │
│ train_loop_config/lr                   7.50099e-05 │
│ train_loop_config/n_epochs                      75 │
│ train_loop_config/num_layers                     6 │
│ train_loop_config/r                       0.275464 │
│ train_loop_config/weight_decay          0.00350542 │
╰────────────────────────────────────────────────────╯

Trial status: 1 RUNNING
Current time: 2025-04-29 15:11:01. Total running time: 30s
Logical resource usage: 2.0/36 CPUs, 0/0 GPUs
╭───────────────────────────────────────────────────────────────────────────────────────────────────────────────────────────────────────────────────────────────────────────────────────────────────────────────────────────────────────────────────────────────────────────────────────────╮
│ Trial name              status       ...p_config/d_hidden     train_loop_config/lr     ...p_config/n_epochs     ...config/num_layers     ...p_config/dropouts     ...nfig/weight_decay     ...oop_config/eta_pi     train_loop_config/r     ...p_config/clip_max     ...n_loop_config/eps │
├───────────────────────────────────────────────────────────────────────────────────────────────────────────────────────────────────────────────────────────────────────────────────────────────────────────────────────────────────────────────────────────────────────────────────────────┤
│ TorchTrainer_80e81712   RUNNING                       256              7.50099e-05                       75                        6                 0.425513               0.00350542              9.39974e-05                0.275464                    0.273               0.00217832 │
╰───────────────────────────────────────────────────────────────────────────────────────────────────────────────────────────────────────────────────────────────────────────────────────────────────────────────────────────────────────────────────────────────────────────────────────────╯
Trial status: 1 RUNNING
Current time: 2025-04-29 15:11:31. Total running time: 1min 0s
Logical resource usage: 2.0/36 CPUs, 0/0 GPUs
╭───────────────────────────────────────────────────────────────────────────────────────────────────────────────────────────────────────────────────────────────────────────────────────────────────────────────────────────────────────────────────────────────────────────────────────────╮
│ Trial name              status       ...p_config/d_hidden     train_loop_config/lr     ...p_config/n_epochs     ...config/num_layers     ...p_config/dropouts     ...nfig/weight_decay     ...oop_config/eta_pi     train_loop_config/r     ...p_config/clip_max     ...n_loop_config/eps │
├───────────────────────────────────────────────────────────────────────────────────────────────────────────────────────────────────────────────────────────────────────────────────────────────────────────────────────────────────────────────────────────────────────────────────────────┤
│ TorchTrainer_80e81712   RUNNING                       256              7.50099e-05                       75                        6                 0.425513               0.00350542              9.39974e-05                0.275464                    0.273               0.00217832 │
╰───────────────────────────────────────────────────────────────────────────────────────────────────────────────────────────────────────────────────────────────────────────────────────────────────────────────────────────────────────────────────────────────────────────────────────────╯
